# JRE version: Java(TM) SE Runtime Environment (17.0.5+9) (build 17.0.5+9-LTS-191)
# Java VM: Java HotSpot(TM) 64-Bit Server VM (17.0.5+9-LTS-191, mixed mode, sharing, tiered, compressed oops, compressed class ptrs, g1 gc, windows-amd64)
GC Precious Log:
 CPUs: 12 total, 12 available
 Memory: 16052M
 Large Page Support: Disabled
 NUMA Support: Disabled
 Compressed Oops: Enabled (32-bit)
 Heap Region Size: 1M
 Heap Min Capacity: 8M
 Heap Initial Capacity: 252M
 Heap Max Capacity: 2G
 Pre-touch: Disabled
 Parallel Workers: 10
 Concurrent Workers: 3
 Concurrent Refinement Workers: 10
 Periodic GC: Disabled
Heap:
 garbage-first heap   total 392192K, used 284800K [0x0000000080000000, 0x0000000100000000)
  region size 1024K, 5 young (5120K), 5 survivors (5120K)
 Metaspace       used 97625K, committed 98304K, reserved 1138688K
  class space    used 13321K, committed 13632K, reserved 1048576K
GC Heap History (20 events):
Event: 7.054 GC heap after
{Heap after GC invocations=39 (full 0):
 garbage-first heap   total 144384K, used 79702K [0x0000000080000000, 0x0000000100000000)
  region size 1024K, 5 young (5120K), 5 survivors (5120K)
 Metaspace       used 71737K, committed 72320K, reserved 1114112K
  class space    used 10034K, committed 10304K, reserved 1048576K
}
Event: 7.058 GC heap before
{Heap before GC invocations=39 (full 0):
 garbage-first heap   total 144384K, used 80726K [0x0000000080000000, 0x0000000100000000)
  region size 1024K, 7 young (7168K), 5 survivors (5120K)
 Metaspace       used 71744K, committed 72320K, reserved 1114112K
  class space    used 10034K, committed 10304K, reserved 1048576K
}
Event: 7.060 GC heap after
{Heap after GC invocations=40 (full 0):
 garbage-first heap   total 144384K, used 79438K [0x0000000080000000, 0x0000000100000000)
  region size 1024K, 1 young (1024K), 1 survivors (1024K)
 Metaspace       used 71744K, committed 72320K, reserved 1114112K
  class space    used 10034K, committed 10304K, reserved 1048576K
}
Event: 7.437 GC heap before
{Heap before GC invocations=40 (full 0):
 garbage-first heap   total 144384K, used 118350K [0x0000000080000000, 0x0000000100000000)
  region size 1024K, 38 young (38912K), 1 survivors (1024K)
 Metaspace       used 74557K, committed 75136K, reserved 1114112K
  class space    used 10329K, committed 10624K, reserved 1048576K
}
Event: 7.441 GC heap after
{Heap after GC invocations=41 (full 0):
 garbage-first heap   total 144384K, used 93945K [0x0000000080000000, 0x0000000100000000)
  region size 1024K, 5 young (5120K), 5 survivors (5120K)
 Metaspace       used 74557K, committed 75136K, reserved 1114112K
  class space    used 10329K, committed 10624K, reserved 1048576K
}
Event: 7.639 GC heap before
{Heap before GC invocations=42 (full 0):
 garbage-first heap   total 165888K, used 122617K [0x0000000080000000, 0x0000000100000000)
  region size 1024K, 26 young (26624K), 5 survivors (5120K)
 Metaspace       used 74885K, committed 75456K, reserved 1114112K
  class space    used 10356K, committed 10624K, reserved 1048576K
}
Event: 7.642 GC heap after
{Heap after GC invocations=43 (full 0):
 garbage-first heap   total 165888K, used 100852K [0x0000000080000000, 0x0000000100000000)
  region size 1024K, 4 young (4096K), 4 survivors (4096K)
 Metaspace       used 74885K, committed 75456K, reserved 1114112K
  class space    used 10356K, committed 10624K, reserved 1048576K
}
Event: 7.649 GC heap before
{Heap before GC invocations=43 (full 0):
 garbage-first heap   total 165888K, used 104948K [0x0000000080000000, 0x0000000100000000)
  region size 1024K, 8 young (8192K), 4 survivors (4096K)
 Metaspace       used 74885K, committed 75456K, reserved 1114112K
  class space    used 10356K, committed 10624K, reserved 1048576K
}
Event: 7.651 GC heap after
{Heap after GC invocations=44 (full 0):
 garbage-first heap   total 392192K, used 101444K [0x0000000080000000, 0x0000000100000000)
  region size 1024K, 1 young (1024K), 1 survivors (1024K)
 Metaspace       used 74885K, committed 75456K, reserved 1114112K
  class space    used 10356K, committed 10624K, reserved 1048576K
}
Event: 8.660 GC heap before
{Heap before GC invocations=44 (full 0):
 garbage-first heap   total 392192K, used 312388K [0x0000000080000000, 0x0000000100000000)
  region size 1024K, 190 young (194560K), 1 survivors (1024K)
 Metaspace       used 86304K, committed 86912K, reserved 1130496K
  class space    used 11618K, committed 11904K, reserved 1048576K
}
Event: 8.668 GC heap after
{Heap after GC invocations=45 (full 0):
 garbage-first heap   total 392192K, used 112667K [0x0000000080000000, 0x0000000100000000)
  region size 1024K, 12 young (12288K), 12 survivors (12288K)
 Metaspace       used 86304K, committed 86912K, reserved 1130496K
  class space    used 11618K, committed 11904K, reserved 1048576K
}
Event: 9.388 GC heap before
{Heap before GC invocations=45 (full 0):
 garbage-first heap   total 392192K, used 351259K [0x0000000080000000, 0x0000000100000000)
  region size 1024K, 192 young (196608K), 12 survivors (12288K)
 Metaspace       used 92280K, committed 92928K, reserved 1130496K
  class space    used 12368K, committed 12672K, reserved 1048576K
}
Event: 9.398 GC heap after
{Heap after GC invocations=46 (full 0):
 garbage-first heap   total 392192K, used 168409K [0x0000000080000000, 0x0000000100000000)
  region size 1024K, 25 young (25600K), 25 survivors (25600K)
 Metaspace       used 92280K, committed 92928K, reserved 1130496K
  class space    used 12368K, committed 12672K, reserved 1048576K
}
Event: 9.797 GC heap before
{Heap before GC invocations=46 (full 0):
 garbage-first heap   total 392192K, used 304601K [0x0000000080000000, 0x0000000100000000)
  region size 1024K, 157 young (160768K), 25 survivors (25600K)
 Metaspace       used 94707K, committed 95360K, reserved 1138688K
  class space    used 12873K, committed 13184K, reserved 1048576K
}
Event: 9.825 GC heap after
{Heap after GC invocations=47 (full 0):
 garbage-first heap   total 392192K, used 225003K [0x0000000080000000, 0x0000000100000000)
  region size 1024K, 20 young (20480K), 20 survivors (20480K)
 Metaspace       used 94707K, committed 95360K, reserved 1138688K
  class space    used 12873K, committed 13184K, reserved 1048576K
}
Event: 9.920 GC heap before
{Heap before GC invocations=47 (full 0):
 garbage-first heap   total 392192K, used 296683K [0x0000000080000000, 0x0000000100000000)
  region size 1024K, 91 young (93184K), 20 survivors (20480K)
 Metaspace       used 94752K, committed 95424K, reserved 1138688K
  class space    used 12875K, committed 13184K, reserved 1048576K
}
Event: 9.946 GC heap after
{Heap after GC invocations=48 (full 0):
 garbage-first heap   total 392192K, used 263680K [0x0000000080000000, 0x0000000100000000)
  region size 1024K, 12 young (12288K), 12 survivors (12288K)
 Metaspace       used 94752K, committed 95424K, reserved 1138688K
  class space    used 12875K, committed 13184K, reserved 1048576K
}
Event: 10.143 GC heap before
{Heap before GC invocations=48 (full 0):
 garbage-first heap   total 392192K, used 306688K [0x0000000080000000, 0x0000000100000000)
  region size 1024K, 55 young (56320K), 12 survivors (12288K)
 Metaspace       used 96824K, committed 97344K, reserved 1138688K
  class space    used 13184K, committed 13440K, reserved 1048576K
}
Event: 10.151 GC heap after
{Heap after GC invocations=49 (full 0):
 garbage-first heap   total 392192K, used 278528K [0x0000000080000000, 0x0000000100000000)
  region size 1024K, 7 young (7168K), 7 survivors (7168K)
 Metaspace       used 96824K, committed 97344K, reserved 1138688K
  class space    used 13184K, committed 13440K, reserved 1048576K
}
Event: 10.329 GC heap before
{Heap before GC invocations=49 (full 0):
 garbage-first heap   total 392192K, used 315392K [0x0000000080000000, 0x0000000100000000)
  region size 1024K, 44 young (45056K), 7 survivors (7168K)
 Metaspace       used 97625K, committed 98304K, reserved 1138688K
  class space    used 13321K, committed 13632K, reserved 1048576K
}

