# JRE version: Java(TM) SE Runtime Environment (17.0.5+9) (build 17.0.5+9-LTS-191)
# Java VM: Java HotSpot(TM) 64-Bit Server VM (17.0.5+9-LTS-191, mixed mode, sharing, tiered, compressed oops, compressed class ptrs, g1 gc, windows-amd64)
GC Precious Log:
 CPUs: 12 total, 12 available
 Memory: 16052M
 Large Page Support: Disabled
 NUMA Support: Disabled
 Compressed Oops: Enabled (32-bit)
 Heap Region Size: 1M
 Heap Min Capacity: 8M
 Heap Initial Capacity: 252M
 Heap Max Capacity: 2G
 Pre-touch: Disabled
 Parallel Workers: 10
 Concurrent Workers: 3
 Concurrent Refinement Workers: 10
 Periodic GC: Disabled
Heap:
 garbage-first heap   total 356352K, used 284672K [0x0000000080000000, 0x0000000100000000)
  region size 1024K, 3 young (3072K), 3 survivors (3072K)
 Metaspace       used 108503K, committed 109120K, reserved 1146880K
  class space    used 14420K, committed 14720K, reserved 1048576K
GC Heap History (20 events):
Event: 9.617 GC heap after
{Heap after GC invocations=40 (full 0):
 garbage-first heap   total 219136K, used 121785K [0x0000000080000000, 0x0000000100000000)
  region size 1024K, 4 young (4096K), 4 survivors (4096K)
 Metaspace       used 95397K, committed 96064K, reserved 1138688K
  class space    used 12814K, committed 13120K, reserved 1048576K
}
Event: 9.989 GC heap before
{Heap before GC invocations=41 (full 0):
 garbage-first heap   total 219136K, used 171961K [0x0000000080000000, 0x0000000100000000)
  region size 1024K, 53 young (54272K), 4 survivors (4096K)
 Metaspace       used 99308K, committed 100032K, reserved 1138688K
  class space    used 13201K, committed 13568K, reserved 1048576K
}
Event: 9.999 GC heap after
{Heap after GC invocations=42 (full 0):
 garbage-first heap   total 219136K, used 149707K [0x0000000080000000, 0x0000000100000000)
  region size 1024K, 7 young (7168K), 7 survivors (7168K)
 Metaspace       used 99308K, committed 100032K, reserved 1138688K
  class space    used 13201K, committed 13568K, reserved 1048576K
}
Event: 10.004 GC heap before
{Heap before GC invocations=42 (full 0):
 garbage-first heap   total 219136K, used 152779K [0x0000000080000000, 0x0000000100000000)
  region size 1024K, 10 young (10240K), 7 survivors (7168K)
 Metaspace       used 99308K, committed 100032K, reserved 1138688K
  class space    used 13201K, committed 13568K, reserved 1048576K
}
Event: 10.008 GC heap after
{Heap after GC invocations=43 (full 0):
 garbage-first heap   total 219136K, used 152994K [0x0000000080000000, 0x0000000100000000)
  region size 1024K, 2 young (2048K), 2 survivors (2048K)
 Metaspace       used 99308K, committed 100032K, reserved 1138688K
  class space    used 13201K, committed 13568K, reserved 1048576K
}
Event: 10.032 GC heap before
{Heap before GC invocations=43 (full 0):
 garbage-first heap   total 219136K, used 171426K [0x0000000080000000, 0x0000000100000000)
  region size 1024K, 20 young (20480K), 2 survivors (2048K)
 Metaspace       used 99310K, committed 100032K, reserved 1138688K
  class space    used 13201K, committed 13568K, reserved 1048576K
}
Event: 10.036 GC heap after
{Heap after GC invocations=44 (full 0):
 garbage-first heap   total 219136K, used 166912K [0x0000000080000000, 0x0000000100000000)
  region size 1024K, 3 young (3072K), 3 survivors (3072K)
 Metaspace       used 99310K, committed 100032K, reserved 1138688K
  class space    used 13201K, committed 13568K, reserved 1048576K
}
Event: 10.087 GC heap before
{Heap before GC invocations=44 (full 0):
 garbage-first heap   total 296960K, used 178176K [0x0000000080000000, 0x0000000100000000)
  region size 1024K, 14 young (14336K), 3 survivors (3072K)
 Metaspace       used 99577K, committed 100224K, reserved 1138688K
  class space    used 13226K, committed 13568K, reserved 1048576K
}
Event: 10.090 GC heap after
{Heap after GC invocations=45 (full 0):
 garbage-first heap   total 356352K, used 173527K [0x0000000080000000, 0x0000000100000000)
  region size 1024K, 2 young (2048K), 2 survivors (2048K)
 Metaspace       used 99577K, committed 100224K, reserved 1138688K
  class space    used 13226K, committed 13568K, reserved 1048576K
}
Event: 10.701 GC heap before
{Heap before GC invocations=46 (full 0):
 garbage-first heap   total 356352K, used 241111K [0x0000000080000000, 0x0000000100000000)
  region size 1024K, 67 young (68608K), 2 survivors (2048K)
 Metaspace       used 107815K, committed 108544K, reserved 1146880K
  class space    used 14372K, committed 14720K, reserved 1048576K
}
Event: 10.704 GC heap after
{Heap after GC invocations=47 (full 0):
 garbage-first heap   total 356352K, used 177504K [0x0000000080000000, 0x0000000100000000)
  region size 1024K, 6 young (6144K), 6 survivors (6144K)
 Metaspace       used 107815K, committed 108544K, reserved 1146880K
  class space    used 14372K, committed 14720K, reserved 1048576K
}
Event: 10.768 GC heap before
{Heap before GC invocations=47 (full 0):
 garbage-first heap   total 356352K, used 188768K [0x0000000080000000, 0x0000000100000000)
  region size 1024K, 17 young (17408K), 6 survivors (6144K)
 Metaspace       used 107962K, committed 108672K, reserved 1146880K
  class space    used 14378K, committed 14720K, reserved 1048576K
}
Event: 10.771 GC heap after
{Heap after GC invocations=48 (full 0):
 garbage-first heap   total 356352K, used 176201K [0x0000000080000000, 0x0000000100000000)
  region size 1024K, 2 young (2048K), 2 survivors (2048K)
 Metaspace       used 107962K, committed 108672K, reserved 1146880K
  class space    used 14378K, committed 14720K, reserved 1048576K
}
Event: 10.890 GC heap before
{Heap before GC invocations=48 (full 0):
 garbage-first heap   total 356352K, used 249929K [0x0000000080000000, 0x0000000100000000)
  region size 1024K, 74 young (75776K), 2 survivors (2048K)
 Metaspace       used 108108K, committed 108800K, reserved 1146880K
  class space    used 14387K, committed 14720K, reserved 1048576K
}
Event: 10.904 GC heap after
{Heap after GC invocations=49 (full 0):
 garbage-first heap   total 356352K, used 224597K [0x0000000080000000, 0x0000000100000000)
  region size 1024K, 10 young (10240K), 10 survivors (10240K)
 Metaspace       used 108108K, committed 108800K, reserved 1146880K
  class space    used 14387K, committed 14720K, reserved 1048576K
}
Event: 11.008 GC heap before
{Heap before GC invocations=49 (full 0):
 garbage-first heap   total 356352K, used 266581K [0x0000000080000000, 0x0000000100000000)
  region size 1024K, 51 young (52224K), 10 survivors (10240K)
 Metaspace       used 108415K, committed 109056K, reserved 1146880K
  class space    used 14420K, committed 14720K, reserved 1048576K
}
Event: 11.018 GC heap after
{Heap after GC invocations=50 (full 0):
 garbage-first heap   total 356352K, used 255488K [0x0000000080000000, 0x0000000100000000)
  region size 1024K, 7 young (7168K), 7 survivors (7168K)
 Metaspace       used 108415K, committed 109056K, reserved 1146880K
  class space    used 14420K, committed 14720K, reserved 1048576K
}
Event: 11.040 GC heap before
{Heap before GC invocations=50 (full 0):
 garbage-first heap   total 356352K, used 279040K [0x0000000080000000, 0x0000000100000000)
  region size 1024K, 30 young (30720K), 7 survivors (7168K)
 Metaspace       used 108415K, committed 109056K, reserved 1146880K
  class space    used 14420K, committed 14720K, reserved 1048576K
}
Event: 11.049 GC heap after
{Heap after GC invocations=51 (full 0):
 garbage-first heap   total 356352K, used 276992K [0x0000000080000000, 0x0000000100000000)
  region size 1024K, 4 young (4096K), 4 survivors (4096K)
 Metaspace       used 108415K, committed 109056K, reserved 1146880K
  class space    used 14420K, committed 14720K, reserved 1048576K
}
Event: 11.105 GC heap before
{Heap before GC invocations=51 (full 0):
 garbage-first heap   total 356352K, used 291328K [0x0000000080000000, 0x0000000100000000)
  region size 1024K, 18 young (18432K), 4 survivors (4096K)
 Metaspace       used 108503K, committed 109120K, reserved 1146880K
  class space    used 14420K, committed 14720K, reserved 1048576K
}

