# JRE version: Java(TM) SE Runtime Environment (17.0.5+9) (build 17.0.5+9-LTS-191)
# Java VM: Java HotSpot(TM) 64-Bit Server VM (17.0.5+9-LTS-191, mixed mode, sharing, tiered, compressed oops, compressed class ptrs, g1 gc, windows-amd64)
GC Precious Log:
 CPUs: 12 total, 12 available
 Memory: 16052M
 Large Page Support: Disabled
 NUMA Support: Disabled
 Compressed Oops: Enabled (32-bit)
 Heap Region Size: 1M
 Heap Min Capacity: 8M
 Heap Initial Capacity: 252M
 Heap Max Capacity: 2G
 Pre-touch: Disabled
 Parallel Workers: 10
 Concurrent Workers: 3
 Concurrent Refinement Workers: 10
 Periodic GC: Disabled
Heap:
 garbage-first heap   total 232448K, used 143301K [0x0000000080000000, 0x0000000100000000)
  region size 1024K, 8 young (8192K), 6 survivors (6144K)
 Metaspace       used 80441K, committed 81216K, reserved 1122304K
  class space    used 10989K, committed 11328K, reserved 1048576K
GC Heap History (20 events):
Event: 4.885 GC heap before
{Heap before GC invocations=17 (full 0):
 garbage-first heap   total 157696K, used 116307K [0x0000000080000000, 0x0000000100000000)
  region size 1024K, 23 young (23552K), 2 survivors (2048K)
 Metaspace       used 47497K, committed 48128K, reserved 1097728K
  class space    used 6521K, committed 6784K, reserved 1048576K
}
Event: 4.887 GC heap after
{Heap after GC invocations=18 (full 0):
 garbage-first heap   total 212992K, used 95824K [0x0000000080000000, 0x0000000100000000)
  region size 1024K, 2 young (2048K), 2 survivors (2048K)
 Metaspace       used 47497K, committed 48128K, reserved 1097728K
  class space    used 6521K, committed 6784K, reserved 1048576K
}
Event: 5.292 GC heap before
{Heap before GC invocations=19 (full 0):
 garbage-first heap   total 212992K, used 140880K [0x0000000080000000, 0x0000000100000000)
  region size 1024K, 47 young (48128K), 2 survivors (2048K)
 Metaspace       used 54104K, committed 54720K, reserved 1097728K
  class space    used 7347K, committed 7616K, reserved 1048576K
}
Event: 5.294 GC heap after
{Heap after GC invocations=20 (full 0):
 garbage-first heap   total 212992K, used 99774K [0x0000000080000000, 0x0000000100000000)
  region size 1024K, 5 young (5120K), 5 survivors (5120K)
 Metaspace       used 54104K, committed 54720K, reserved 1097728K
  class space    used 7347K, committed 7616K, reserved 1048576K
}
Event: 5.570 GC heap before
{Heap before GC invocations=20 (full 0):
 garbage-first heap   total 212992K, used 149950K [0x0000000080000000, 0x0000000100000000)
  region size 1024K, 53 young (54272K), 5 survivors (5120K)
 Metaspace       used 56740K, committed 57344K, reserved 1105920K
  class space    used 7687K, committed 7936K, reserved 1048576K
}
Event: 5.575 GC heap after
{Heap after GC invocations=21 (full 0):
 garbage-first heap   total 212992K, used 103817K [0x0000000080000000, 0x0000000100000000)
  region size 1024K, 4 young (4096K), 4 survivors (4096K)
 Metaspace       used 56740K, committed 57344K, reserved 1105920K
  class space    used 7687K, committed 7936K, reserved 1048576K
}
Event: 5.914 GC heap before
{Heap before GC invocations=21 (full 0):
 garbage-first heap   total 212992K, used 155017K [0x0000000080000000, 0x0000000100000000)
  region size 1024K, 54 young (55296K), 4 survivors (4096K)
 Metaspace       used 60887K, committed 61504K, reserved 1105920K
  class space    used 8417K, committed 8704K, reserved 1048576K
}
Event: 5.918 GC heap after
{Heap after GC invocations=22 (full 0):
 garbage-first heap   total 212992K, used 107297K [0x0000000080000000, 0x0000000100000000)
  region size 1024K, 4 young (4096K), 4 survivors (4096K)
 Metaspace       used 60887K, committed 61504K, reserved 1105920K
  class space    used 8417K, committed 8704K, reserved 1048576K
}
Event: 6.460 GC heap before
{Heap before GC invocations=23 (full 0):
 garbage-first heap   total 212992K, used 176929K [0x0000000080000000, 0x0000000100000000)
  region size 1024K, 55 young (56320K), 4 survivors (4096K)
 Metaspace       used 65182K, committed 65920K, reserved 1105920K
  class space    used 9041K, committed 9408K, reserved 1048576K
}
Event: 6.463 GC heap after
{Heap after GC invocations=24 (full 0):
 garbage-first heap   total 212992K, used 133581K [0x0000000080000000, 0x0000000100000000)
  region size 1024K, 7 young (7168K), 7 survivors (7168K)
 Metaspace       used 65182K, committed 65920K, reserved 1105920K
  class space    used 9041K, committed 9408K, reserved 1048576K
}
Event: 6.478 GC heap before
{Heap before GC invocations=24 (full 0):
 garbage-first heap   total 212992K, used 136653K [0x0000000080000000, 0x0000000100000000)
  region size 1024K, 10 young (10240K), 7 survivors (7168K)
 Metaspace       used 65460K, committed 66176K, reserved 1105920K
  class space    used 9084K, committed 9408K, reserved 1048576K
}
Event: 6.480 GC heap after
{Heap after GC invocations=25 (full 0):
 garbage-first heap   total 212992K, used 133662K [0x0000000080000000, 0x0000000100000000)
  region size 1024K, 1 young (1024K), 1 survivors (1024K)
 Metaspace       used 65460K, committed 66176K, reserved 1105920K
  class space    used 9084K, committed 9408K, reserved 1048576K
}
Event: 6.702 GC heap before
{Heap before GC invocations=25 (full 0):
 garbage-first heap   total 212992K, used 169502K [0x0000000080000000, 0x0000000100000000)
  region size 1024K, 36 young (36864K), 1 survivors (1024K)
 Metaspace       used 68104K, committed 68864K, reserved 1114112K
  class space    used 9433K, committed 9792K, reserved 1048576K
}
Event: 6.704 GC heap after
{Heap after GC invocations=26 (full 0):
 garbage-first heap   total 212992K, used 135713K [0x0000000080000000, 0x0000000100000000)
  region size 1024K, 3 young (3072K), 3 survivors (3072K)
 Metaspace       used 68104K, committed 68864K, reserved 1114112K
  class space    used 9433K, committed 9792K, reserved 1048576K
}
Event: 7.112 GC heap before
{Heap before GC invocations=27 (full 0):
 garbage-first heap   total 232448K, used 171553K [0x0000000080000000, 0x0000000100000000)
  region size 1024K, 37 young (37888K), 3 survivors (3072K)
 Metaspace       used 75241K, committed 75968K, reserved 1114112K
  class space    used 10309K, committed 10688K, reserved 1048576K
}
Event: 7.114 GC heap after
{Heap after GC invocations=28 (full 0):
 garbage-first heap   total 232448K, used 137642K [0x0000000080000000, 0x0000000100000000)
  region size 1024K, 5 young (5120K), 5 survivors (5120K)
 Metaspace       used 75241K, committed 75968K, reserved 1114112K
  class space    used 10309K, committed 10688K, reserved 1048576K
}
Event: 7.162 GC heap before
{Heap before GC invocations=28 (full 0):
 garbage-first heap   total 232448K, used 143786K [0x0000000080000000, 0x0000000100000000)
  region size 1024K, 11 young (11264K), 5 survivors (5120K)
 Metaspace       used 75842K, committed 76544K, reserved 1122304K
  class space    used 10396K, committed 10752K, reserved 1048576K
}
Event: 7.164 GC heap after
{Heap after GC invocations=29 (full 0):
 garbage-first heap   total 232448K, used 137759K [0x0000000080000000, 0x0000000100000000)
  region size 1024K, 1 young (1024K), 1 survivors (1024K)
 Metaspace       used 75842K, committed 76544K, reserved 1122304K
  class space    used 10396K, committed 10752K, reserved 1048576K
}
Event: 7.663 GC heap before
{Heap before GC invocations=29 (full 0):
 garbage-first heap   total 232448K, used 186911K [0x0000000080000000, 0x0000000100000000)
  region size 1024K, 49 young (50176K), 1 survivors (1024K)
 Metaspace       used 80393K, committed 81088K, reserved 1122304K
  class space    used 10988K, committed 11328K, reserved 1048576K
}
Event: 7.666 GC heap after
{Heap after GC invocations=30 (full 0):
 garbage-first heap   total 232448K, used 142277K [0x0000000080000000, 0x0000000100000000)
  region size 1024K, 6 young (6144K), 6 survivors (6144K)
 Metaspace       used 80393K, committed 81088K, reserved 1122304K
  class space    used 10988K, committed 11328K, reserved 1048576K
}

