# JRE version: Java(TM) SE Runtime Environment (17.0.5+9) (build 17.0.5+9-LTS-191)
# Java VM: Java HotSpot(TM) 64-Bit Server VM (17.0.5+9-LTS-191, mixed mode, sharing, tiered, compressed oops, compressed class ptrs, g1 gc, windows-amd64)
GC Precious Log:
 CPUs: 12 total, 12 available
 Memory: 16052M
 Large Page Support: Disabled
 NUMA Support: Disabled
 Compressed Oops: Enabled (32-bit)
 Heap Region Size: 1M
 Heap Min Capacity: 8M
 Heap Initial Capacity: 252M
 Heap Max Capacity: 2G
 Pre-touch: Disabled
 Parallel Workers: 10
 Concurrent Workers: 3
 Concurrent Refinement Workers: 10
 Periodic GC: Disabled
Heap:
 garbage-first heap   total 190464K, used 142362K [0x0000000080000000, 0x0000000100000000)
  region size 1024K, 26 young (26624K), 2 survivors (2048K)
 Metaspace       used 82928K, committed 83584K, reserved 1122304K
  class space    used 11088K, committed 11392K, reserved 1048576K
GC Heap History (20 events):
Event: 8.547 GC heap before
{Heap before GC invocations=24 (full 0):
 garbage-first heap   total 156672K, used 124171K [0x0000000080000000, 0x0000000100000000)
  region size 1024K, 63 young (64512K), 8 survivors (8192K)
 Metaspace       used 71053K, committed 71616K, reserved 1114112K
  class space    used 9817K, committed 10048K, reserved 1048576K
}
Event: 8.553 GC heap after
{Heap after GC invocations=25 (full 0):
 garbage-first heap   total 156672K, used 73791K [0x0000000080000000, 0x0000000100000000)
  region size 1024K, 7 young (7168K), 7 survivors (7168K)
 Metaspace       used 71053K, committed 71616K, reserved 1114112K
  class space    used 9817K, committed 10048K, reserved 1048576K
}
Event: 8.732 GC heap before
{Heap before GC invocations=25 (full 0):
 garbage-first heap   total 156672K, used 123967K [0x0000000080000000, 0x0000000100000000)
  region size 1024K, 57 young (58368K), 7 survivors (7168K)
 Metaspace       used 72258K, committed 72832K, reserved 1114112K
  class space    used 10066K, committed 10304K, reserved 1048576K
}
Event: 8.736 GC heap after
{Heap after GC invocations=26 (full 0):
 garbage-first heap   total 156672K, used 79167K [0x0000000080000000, 0x0000000100000000)
  region size 1024K, 7 young (7168K), 7 survivors (7168K)
 Metaspace       used 72258K, committed 72832K, reserved 1114112K
  class space    used 10066K, committed 10304K, reserved 1048576K
}
Event: 8.929 GC heap before
{Heap before GC invocations=26 (full 0):
 garbage-first heap   total 156672K, used 125247K [0x0000000080000000, 0x0000000100000000)
  region size 1024K, 53 young (54272K), 7 survivors (7168K)
 Metaspace       used 73626K, committed 74176K, reserved 1114112K
  class space    used 10185K, committed 10432K, reserved 1048576K
}
Event: 8.933 GC heap after
{Heap after GC invocations=27 (full 0):
 garbage-first heap   total 156672K, used 82634K [0x0000000080000000, 0x0000000100000000)
  region size 1024K, 6 young (6144K), 6 survivors (6144K)
 Metaspace       used 73626K, committed 74176K, reserved 1114112K
  class space    used 10185K, committed 10432K, reserved 1048576K
}
Event: 9.294 GC heap before
{Heap before GC invocations=28 (full 0):
 garbage-first heap   total 158720K, used 126666K [0x0000000080000000, 0x0000000100000000)
  region size 1024K, 49 young (50176K), 6 survivors (6144K)
 Metaspace       used 74909K, committed 75520K, reserved 1114112K
  class space    used 10325K, committed 10624K, reserved 1048576K
}
Event: 9.298 GC heap after
{Heap after GC invocations=29 (full 0):
 garbage-first heap   total 158720K, used 92160K [0x0000000080000000, 0x0000000100000000)
  region size 1024K, 7 young (7168K), 7 survivors (7168K)
 Metaspace       used 74909K, committed 75520K, reserved 1114112K
  class space    used 10325K, committed 10624K, reserved 1048576K
}
Event: 9.300 GC heap before
{Heap before GC invocations=29 (full 0):
 garbage-first heap   total 158720K, used 95232K [0x0000000080000000, 0x0000000100000000)
  region size 1024K, 8 young (8192K), 7 survivors (7168K)
 Metaspace       used 74909K, committed 75520K, reserved 1114112K
  class space    used 10325K, committed 10624K, reserved 1048576K
}
Event: 9.302 GC heap after
{Heap after GC invocations=30 (full 0):
 garbage-first heap   total 190464K, used 91923K [0x0000000080000000, 0x0000000100000000)
  region size 1024K, 1 young (1024K), 1 survivors (1024K)
 Metaspace       used 74909K, committed 75520K, reserved 1114112K
  class space    used 10325K, committed 10624K, reserved 1048576K
}
Event: 9.714 GC heap before
{Heap before GC invocations=30 (full 0):
 garbage-first heap   total 190464K, used 157459K [0x0000000080000000, 0x0000000100000000)
  region size 1024K, 57 young (58368K), 1 survivors (1024K)
 Metaspace       used 76460K, committed 77056K, reserved 1122304K
  class space    used 10475K, committed 10752K, reserved 1048576K
}
Event: 9.719 GC heap after
{Heap after GC invocations=31 (full 0):
 garbage-first heap   total 190464K, used 106630K [0x0000000080000000, 0x0000000100000000)
  region size 1024K, 8 young (8192K), 8 survivors (8192K)
 Metaspace       used 76460K, committed 77056K, reserved 1122304K
  class space    used 10475K, committed 10752K, reserved 1048576K
}
Event: 10.084 GC heap before
{Heap before GC invocations=32 (full 0):
 garbage-first heap   total 190464K, used 166022K [0x0000000080000000, 0x0000000100000000)
  region size 1024K, 50 young (51200K), 8 survivors (8192K)
 Metaspace       used 78847K, committed 79488K, reserved 1122304K
  class space    used 10763K, committed 11072K, reserved 1048576K
}
Event: 10.088 GC heap after
{Heap after GC invocations=33 (full 0):
 garbage-first heap   total 190464K, used 111221K [0x0000000080000000, 0x0000000100000000)
  region size 1024K, 4 young (4096K), 4 survivors (4096K)
 Metaspace       used 78847K, committed 79488K, reserved 1122304K
  class space    used 10763K, committed 11072K, reserved 1048576K
}
Event: 10.097 GC heap before
{Heap before GC invocations=33 (full 0):
 garbage-first heap   total 190464K, used 115317K [0x0000000080000000, 0x0000000100000000)
  region size 1024K, 9 young (9216K), 4 survivors (4096K)
 Metaspace       used 78870K, committed 79488K, reserved 1122304K
  class space    used 10764K, committed 11072K, reserved 1048576K
}
Event: 10.099 GC heap after
{Heap after GC invocations=34 (full 0):
 garbage-first heap   total 190464K, used 111155K [0x0000000080000000, 0x0000000100000000)
  region size 1024K, 2 young (2048K), 2 survivors (2048K)
 Metaspace       used 78870K, committed 79488K, reserved 1122304K
  class space    used 10764K, committed 11072K, reserved 1048576K
}
Event: 10.214 GC heap before
{Heap before GC invocations=34 (full 0):
 garbage-first heap   total 190464K, used 151091K [0x0000000080000000, 0x0000000100000000)
  region size 1024K, 42 young (43008K), 2 survivors (2048K)
 Metaspace       used 82011K, committed 82624K, reserved 1122304K
  class space    used 11036K, committed 11328K, reserved 1048576K
}
Event: 10.217 GC heap after
{Heap after GC invocations=35 (full 0):
 garbage-first heap   total 190464K, used 118316K [0x0000000080000000, 0x0000000100000000)
  region size 1024K, 6 young (6144K), 6 survivors (6144K)
 Metaspace       used 82011K, committed 82624K, reserved 1122304K
  class space    used 11036K, committed 11328K, reserved 1048576K
}
Event: 10.314 GC heap before
{Heap before GC invocations=35 (full 0):
 garbage-first heap   total 190464K, used 154156K [0x0000000080000000, 0x0000000100000000)
  region size 1024K, 42 young (43008K), 6 survivors (6144K)
 Metaspace       used 82727K, committed 83392K, reserved 1122304K
  class space    used 11079K, committed 11392K, reserved 1048576K
}
Event: 10.316 GC heap after
{Heap after GC invocations=36 (full 0):
 garbage-first heap   total 190464K, used 119834K [0x0000000080000000, 0x0000000100000000)
  region size 1024K, 2 young (2048K), 2 survivors (2048K)
 Metaspace       used 82727K, committed 83392K, reserved 1122304K
  class space    used 11079K, committed 11392K, reserved 1048576K
}

